Build started 07/05/2017 12:38:48 ص.
     1>Project "C:\Users\Toshiba\documents\visual studio 2010\Projects\يا مسهل\يا مسهل\يا مسهل.vcxproj" on node 2 (build target(s)).
     1>InitializeBuildStatus:
         Creating "Debug\يا مسهل.unsuccessfulbuild" because "AlwaysCreate" was specified.
       ClCompile:
         C:\Program Files (x86)\Microsoft Visual Studio 10.0\VC\bin\CL.exe /c /ZI /nologo /W3 /WX- /Od /Oy- /D _UNICODE /D UNICODE /Gm /EHsc /RTC1 /MDd /GS /fp:precise /Zc:wchar_t /Zc:forScope /Fo"Debug\\" /Fd"Debug\vc100.pdb" /Gd /TP /analyze- /errorReport:prompt "CSE ASU.cpp"
         CSE ASU.cpp
     1>c:\users\toshiba\documents\visual studio 2010\projects\يا مسهل\يا مسهل\cse asu.cpp(135): warning C4018: '<' : signed/unsigned mismatch
     1>c:\users\toshiba\documents\visual studio 2010\projects\يا مسهل\يا مسهل\cse asu.cpp(194): warning C4018: '<' : signed/unsigned mismatch
     1>c:\users\toshiba\documents\visual studio 2010\projects\يا مسهل\يا مسهل\cse asu.cpp(214): warning C4244: 'argument' : conversion from 'double' to 'float', possible loss of data
     1>c:\users\toshiba\documents\visual studio 2010\projects\يا مسهل\يا مسهل\cse asu.cpp(215): warning C4244: 'argument' : conversion from 'double' to 'float', possible loss of data
     1>c:\users\toshiba\documents\visual studio 2010\projects\يا مسهل\يا مسهل\cse asu.cpp(321): warning C4018: '<' : signed/unsigned mismatch
     1>c:\users\toshiba\documents\visual studio 2010\projects\يا مسهل\يا مسهل\cse asu.cpp(329): warning C4244: 'argument' : conversion from 'double' to 'float', possible loss of data
     1>c:\users\toshiba\documents\visual studio 2010\projects\يا مسهل\يا مسهل\cse asu.cpp(330): warning C4244: 'argument' : conversion from 'double' to 'float', possible loss of data
     1>c:\users\toshiba\documents\visual studio 2010\projects\يا مسهل\يا مسهل\cse asu.cpp(423): warning C4018: '<' : signed/unsigned mismatch
     1>c:\users\toshiba\documents\visual studio 2010\projects\يا مسهل\يا مسهل\cse asu.cpp(449): warning C4018: '<' : signed/unsigned mismatch
     1>c:\users\toshiba\documents\visual studio 2010\projects\يا مسهل\يا مسهل\cse asu.cpp(475): warning C4018: '<' : signed/unsigned mismatch
     1>c:\users\toshiba\documents\visual studio 2010\projects\يا مسهل\يا مسهل\cse asu.cpp(633): warning C4018: '<' : signed/unsigned mismatch
     1>c:\users\toshiba\documents\visual studio 2010\projects\يا مسهل\يا مسهل\cse asu.cpp(647): warning C4244: 'argument' : conversion from 'double' to 'float', possible loss of data
     1>c:\users\toshiba\documents\visual studio 2010\projects\يا مسهل\يا مسهل\cse asu.cpp(648): warning C4244: 'argument' : conversion from 'double' to 'float', possible loss of data
     1>c:\users\toshiba\documents\visual studio 2010\projects\يا مسهل\يا مسهل\cse asu.cpp(702): warning C4018: '<' : signed/unsigned mismatch
     1>c:\users\toshiba\documents\visual studio 2010\projects\يا مسهل\يا مسهل\cse asu.cpp(708): warning C4244: '=' : conversion from 'double' to 'float', possible loss of data
     1>c:\users\toshiba\documents\visual studio 2010\projects\يا مسهل\يا مسهل\cse asu.cpp(718): warning C4244: 'argument' : conversion from 'double' to 'float', possible loss of data
     1>c:\users\toshiba\documents\visual studio 2010\projects\يا مسهل\يا مسهل\cse asu.cpp(719): warning C4244: 'argument' : conversion from 'double' to 'float', possible loss of data
     1>c:\users\toshiba\documents\visual studio 2010\projects\يا مسهل\يا مسهل\cse asu.cpp(769): warning C4244: '=' : conversion from 'double' to 'float', possible loss of data
     1>c:\users\toshiba\documents\visual studio 2010\projects\يا مسهل\يا مسهل\cse asu.cpp(783): warning C4018: '<' : signed/unsigned mismatch
     1>c:\users\toshiba\documents\visual studio 2010\projects\يا مسهل\يا مسهل\cse asu.cpp(794): warning C4244: '=' : conversion from 'double' to 'float', possible loss of data
     1>c:\users\toshiba\documents\visual studio 2010\projects\يا مسهل\يا مسهل\cse asu.cpp(795): warning C4244: '=' : conversion from 'double' to 'float', possible loss of data
     1>c:\users\toshiba\documents\visual studio 2010\projects\يا مسهل\يا مسهل\cse asu.cpp(814): warning C4244: '=' : conversion from 'double' to 'float', possible loss of data
       Link:
         C:\Program Files (x86)\Microsoft Visual Studio 10.0\VC\bin\link.exe /ERRORREPORT:PROMPT /OUT:"C:\Users\Toshiba\documents\visual studio 2010\Projects\يا مسهل\Debug\يا مسهل.exe" /NOLOGO kernel32.lib user32.lib gdi32.lib winspool.lib comdlg32.lib advapi32.lib shell32.lib ole32.lib oleaut32.lib uuid.lib odbc32.lib odbccp32.lib /MANIFEST /ManifestFile:"Debug\يا مسهل.exe.intermediate.manifest" /MANIFESTUAC:"level='asInvoker' uiAccess='false'" /DEBUG /PDB:"C:\Users\Toshiba\documents\visual studio 2010\Projects\يا مسهل\Debug\يا مسهل.pdb" /TLBID:1 /DYNAMICBASE /NXCOMPAT /IMPLIB:"C:\Users\Toshiba\documents\visual studio 2010\Projects\يا مسهل\Debug\يا مسهل.lib" /MACHINE:X86 "Debug\CSE ASU.obj"
         LINK : C:\Users\Toshiba\documents\visual studio 2010\Projects\يا مسهل\Debug\يا مسهل.exe not found or not built by the last incremental link; performing full link
         يا مسهل.vcxproj -> C:\Users\Toshiba\documents\visual studio 2010\Projects\يا مسهل\Debug\يا مسهل.exe
       Manifest:
         C:\Program Files (x86)\Microsoft SDKs\Windows\v7.0A\bin\mt.exe /nologo /verbose /outputresource:"C:\Users\Toshiba\documents\visual studio 2010\Projects\يا مسهل\Debug\يا مسهل.exe;#1" /manifest "Debug\يا مسهل.exe.intermediate.manifest"
       FinalizeBuildStatus:
         Deleting file "Debug\يا مسهل.unsuccessfulbuild".
         Touching "Debug\يا مسهل.lastbuildstate".
     1>Done Building Project "C:\Users\Toshiba\documents\visual studio 2010\Projects\يا مسهل\يا مسهل\يا مسهل.vcxproj" (build target(s)).

Build succeeded.

Time Elapsed 00:00:01.08
